2018-03-27 20:45:34.057  INFO 41534 --- [main] b.d.mitigation.eureka.EurekaApplication  : No active profile set, falling back to default profiles: default
2018-03-27 20:45:34.068  INFO 41534 --- [main] ationConfigEmbeddedWebApplicationContext : Refreshing org.springframework.boot.context.embedded.AnnotationConfigEmbeddedWebApplicationContext@67c2e933: startup date [Tue Mar 27 20:45:34 BRT 2018]; parent: org.springframework.context.annotation.AnnotationConfigApplicationContext@436813f3
2018-03-27 20:45:34.924  INFO 41534 --- [main] o.s.cloud.context.scope.GenericScope     : BeanFactory id=9a1bde9a-d850-3c75-8e7e-5fded2023b0f
2018-03-27 20:45:34.941  INFO 41534 --- [main] f.a.AutowiredAnnotationBeanPostProcessor : JSR-330 'javax.inject.Inject' annotation found and supported for autowiring
2018-03-27 20:45:35.181  INFO 41534 --- [main] trationDelegate$BeanPostProcessorChecker : Bean 'org.springframework.cloud.netflix.metrics.MetricsInterceptorConfiguration$MetricsRestTemplateConfiguration' of type [org.springframework.cloud.netflix.metrics.MetricsInterceptorConfiguration$MetricsRestTemplateConfiguration$$EnhancerBySpringCGLIB$$5078b6b] is not eligible for getting processed by all BeanPostProcessors (for example: not eligible for auto-proxying)
2018-03-27 20:45:35.188  INFO 41534 --- [main] trationDelegate$BeanPostProcessorChecker : Bean 'org.springframework.cloud.autoconfigure.ConfigurationPropertiesRebinderAutoConfiguration' of type [org.springframework.cloud.autoconfigure.ConfigurationPropertiesRebinderAutoConfiguration$$EnhancerBySpringCGLIB$$eef4e827] is not eligible for getting processed by all BeanPostProcessors (for example: not eligible for auto-proxying)
2018-03-27 20:45:35.387  INFO 41534 --- [main] s.b.c.e.t.TomcatEmbeddedServletContainer : Tomcat initialized with port(s): 8302 (http)
2018-03-27 20:45:35.408  INFO 41534 --- [main] o.apache.catalina.core.StandardService   : Starting service Tomcat
2018-03-27 20:45:35.413  INFO 41534 --- [main] org.apache.catalina.core.StandardEngine  : Starting Servlet Engine: Apache Tomcat/8.5.11
2018-03-27 20:45:35.514  INFO 41534 --- [localhost-startStop-1] o.a.c.c.C.[Tomcat].[localhost].[/]       : Initializing Spring embedded WebApplicationContext
2018-03-27 20:45:35.514  INFO 41534 --- [localhost-startStop-1] o.s.web.context.ContextLoader            : Root WebApplicationContext: initialization completed in 1446 ms
2018-03-27 20:45:36.064  INFO 41534 --- [localhost-startStop-1] o.s.b.w.servlet.FilterRegistrationBean   : Mapping filter: 'metricsFilter' to: [/*]
2018-03-27 20:45:36.064  INFO 41534 --- [localhost-startStop-1] o.s.b.w.servlet.FilterRegistrationBean   : Mapping filter: 'characterEncodingFilter' to: [/*]
2018-03-27 20:45:36.064  INFO 41534 --- [localhost-startStop-1] o.s.b.w.servlet.FilterRegistrationBean   : Mapping filter: 'hiddenHttpMethodFilter' to: [/*]
2018-03-27 20:45:36.064  INFO 41534 --- [localhost-startStop-1] o.s.b.w.servlet.FilterRegistrationBean   : Mapping filter: 'httpPutFormContentFilter' to: [/*]
2018-03-27 20:45:36.065  INFO 41534 --- [localhost-startStop-1] o.s.b.w.servlet.FilterRegistrationBean   : Mapping filter: 'requestContextFilter' to: [/*]
2018-03-27 20:45:36.065  INFO 41534 --- [localhost-startStop-1] .s.DelegatingFilterProxyRegistrationBean : Mapping filter: 'springSecurityFilterChain' to: [/*]
2018-03-27 20:45:36.066  INFO 41534 --- [localhost-startStop-1] o.s.b.w.servlet.FilterRegistrationBean   : Mapping filter: 'webRequestTraceFilter' to: [/*]
2018-03-27 20:45:36.066  INFO 41534 --- [localhost-startStop-1] o.s.b.w.servlet.FilterRegistrationBean   : Mapping filter: 'servletContainer' to urls: [/eureka/*]
2018-03-27 20:45:36.066  INFO 41534 --- [localhost-startStop-1] o.s.b.w.servlet.FilterRegistrationBean   : Mapping filter: 'applicationContextIdFilter' to: [/*]
2018-03-27 20:45:36.066  INFO 41534 --- [localhost-startStop-1] o.s.b.w.servlet.ServletRegistrationBean  : Mapping servlet: 'dispatcherServlet' to [/]
2018-03-27 20:45:36.118  INFO 41534 --- [localhost-startStop-1] c.s.j.s.i.a.WebApplicationImpl           : Initiating Jersey application, version 'Jersey: 1.19.1 03/11/2016 02:08 PM'
2018-03-27 20:45:36.175  INFO 41534 --- [localhost-startStop-1] c.n.d.provider.DiscoveryJerseyProvider   : Using JSON encoding codec LegacyJacksonJson
2018-03-27 20:45:36.176  INFO 41534 --- [localhost-startStop-1] c.n.d.provider.DiscoveryJerseyProvider   : Using JSON decoding codec LegacyJacksonJson
2018-03-27 20:45:36.282  INFO 41534 --- [localhost-startStop-1] c.n.d.provider.DiscoveryJerseyProvider   : Using XML encoding codec XStreamXml
2018-03-27 20:45:36.282  INFO 41534 --- [localhost-startStop-1] c.n.d.provider.DiscoveryJerseyProvider   : Using XML decoding codec XStreamXml
2018-03-27 20:45:36.807  WARN 41534 --- [main] c.n.c.sources.URLConfigurationSource     : No URLs will be polled as dynamic configuration sources.
2018-03-27 20:45:36.807  INFO 41534 --- [main] c.n.c.sources.URLConfigurationSource     : To enable URLs as dynamic configuration sources, define System property archaius.configurationSource.additionalUrls or make config.properties available on classpath.
2018-03-27 20:45:36.811  WARN 41534 --- [main] c.n.c.sources.URLConfigurationSource     : No URLs will be polled as dynamic configuration sources.
2018-03-27 20:45:36.812  INFO 41534 --- [main] c.n.c.sources.URLConfigurationSource     : To enable URLs as dynamic configuration sources, define System property archaius.configurationSource.additionalUrls or make config.properties available on classpath.
2018-03-27 20:45:37.026  INFO 41534 --- [main] s.w.s.m.m.a.RequestMappingHandlerAdapter : Looking for @ControllerAdvice: org.springframework.boot.context.embedded.AnnotationConfigEmbeddedWebApplicationContext@67c2e933: startup date [Tue Mar 27 20:45:34 BRT 2018]; parent: org.springframework.context.annotation.AnnotationConfigApplicationContext@436813f3
2018-03-27 20:45:37.124  INFO 41534 --- [main] s.w.s.m.m.a.RequestMappingHandlerMapping : Mapped "{[/error]}" onto public org.springframework.http.ResponseEntity<java.util.Map<java.lang.String, java.lang.Object>> org.springframework.boot.autoconfigure.web.BasicErrorController.error(javax.servlet.http.HttpServletRequest)
2018-03-27 20:45:37.126  INFO 41534 --- [main] s.w.s.m.m.a.RequestMappingHandlerMapping : Mapped "{[/error],produces=[text/html]}" onto public org.springframework.web.servlet.ModelAndView org.springframework.boot.autoconfigure.web.BasicErrorController.errorHtml(javax.servlet.http.HttpServletRequest,javax.servlet.http.HttpServletResponse)
2018-03-27 20:45:37.132  INFO 41534 --- [main] s.w.s.m.m.a.RequestMappingHandlerMapping : Mapped "{[/],methods=[GET]}" onto public java.lang.String org.springframework.cloud.netflix.eureka.server.EurekaController.status(javax.servlet.http.HttpServletRequest,java.util.Map<java.lang.String, java.lang.Object>)
2018-03-27 20:45:37.133  INFO 41534 --- [main] s.w.s.m.m.a.RequestMappingHandlerMapping : Mapped "{[/lastn],methods=[GET]}" onto public java.lang.String org.springframework.cloud.netflix.eureka.server.EurekaController.lastn(javax.servlet.http.HttpServletRequest,java.util.Map<java.lang.String, java.lang.Object>)
2018-03-27 20:45:37.159  INFO 41534 --- [main] o.s.w.s.handler.SimpleUrlHandlerMapping  : Mapped URL path [/webjars/**] onto handler of type [class org.springframework.web.servlet.resource.ResourceHttpRequestHandler]
2018-03-27 20:45:37.159  INFO 41534 --- [main] o.s.w.s.handler.SimpleUrlHandlerMapping  : Mapped URL path [/**] onto handler of type [class org.springframework.web.servlet.resource.ResourceHttpRequestHandler]
2018-03-27 20:45:37.199  INFO 41534 --- [main] o.s.w.s.handler.SimpleUrlHandlerMapping  : Mapped URL path [/**/favicon.ico] onto handler of type [class org.springframework.web.servlet.resource.ResourceHttpRequestHandler]
2018-03-27 20:45:37.605  INFO 41534 --- [main] o.s.s.web.DefaultSecurityFilterChain     : Creating filter chain: OrRequestMatcher [requestMatchers=[Ant [pattern='/css/**'], Ant [pattern='/js/**'], Ant [pattern='/images/**'], Ant [pattern='/webjars/**'], Ant [pattern='/**/favicon.ico'], Ant [pattern='/error']]], []
2018-03-27 20:45:37.678  INFO 41534 --- [main] o.s.s.web.DefaultSecurityFilterChain     : Creating filter chain: Ant [pattern='/management/**'], [org.springframework.security.web.context.request.async.WebAsyncManagerIntegrationFilter@19c1820d, org.springframework.security.web.context.SecurityContextPersistenceFilter@4de79b7d, org.springframework.security.web.header.HeaderWriterFilter@47acd13b, org.springframework.security.web.authentication.logout.LogoutFilter@5a058be5, org.springframework.security.web.authentication.www.BasicAuthenticationFilter@83bb0f, org.springframework.security.web.savedrequest.RequestCacheAwareFilter@4c51077d, org.springframework.security.web.servletapi.SecurityContextHolderAwareRequestFilter@60f21960, org.springframework.security.web.authentication.AnonymousAuthenticationFilter@40709f9, org.springframework.security.web.session.SessionManagementFilter@236eccd1, org.springframework.security.web.access.ExceptionTranslationFilter@1450131a, org.springframework.security.web.access.intercept.FilterSecurityInterceptor@4f486211]
2018-03-27 20:45:37.681  INFO 41534 --- [main] o.s.s.web.DefaultSecurityFilterChain     : Creating filter chain: OrRequestMatcher [requestMatchers=[Ant [pattern='/**']]], [org.springframework.security.web.context.request.async.WebAsyncManagerIntegrationFilter@5482bcac, org.springframework.security.web.context.SecurityContextPersistenceFilter@6ddee60f, org.springframework.security.web.header.HeaderWriterFilter@1f87607c, org.springframework.security.web.authentication.logout.LogoutFilter@307e4c44, org.springframework.security.web.authentication.www.BasicAuthenticationFilter@2a8a3ada, org.springframework.security.web.savedrequest.RequestCacheAwareFilter@6e829e50, org.springframework.security.web.servletapi.SecurityContextHolderAwareRequestFilter@4aa2877c, org.springframework.security.web.authentication.AnonymousAuthenticationFilter@10244722, org.springframework.security.web.session.SessionManagementFilter@4b862408, org.springframework.security.web.access.ExceptionTranslationFilter@4d09cade, org.springframework.security.web.access.intercept.FilterSecurityInterceptor@56b8aaf1]
2018-03-27 20:45:38.060  INFO 41534 --- [main] o.s.b.a.e.mvc.EndpointHandlerMapping     : Mapped "{[/management/beans || /management/beans.json],methods=[GET],produces=[application/vnd.spring-boot.actuator.v1+json || application/json]}" onto public java.lang.Object org.springframework.boot.actuate.endpoint.mvc.EndpointMvcAdapter.invoke()
2018-03-27 20:45:38.060  INFO 41534 --- [main] o.s.b.a.e.mvc.EndpointHandlerMapping     : Mapped "{[/management/env],methods=[POST]}" onto public java.lang.Object org.springframework.cloud.context.environment.EnvironmentManagerMvcEndpoint.value(java.util.Map<java.lang.String, java.lang.String>)
2018-03-27 20:45:38.060  INFO 41534 --- [main] o.s.b.a.e.mvc.EndpointHandlerMapping     : Mapped "{[/management/env/reset],methods=[POST]}" onto public java.util.Map<java.lang.String, java.lang.Object> org.springframework.cloud.context.environment.EnvironmentManagerMvcEndpoint.reset()
2018-03-27 20:45:38.061  INFO 41534 --- [main] o.s.b.a.e.mvc.EndpointHandlerMapping     : Mapped "{[/management/env/{name:.*}],methods=[GET],produces=[application/vnd.spring-boot.actuator.v1+json || application/json]}" onto public java.lang.Object org.springframework.boot.actuate.endpoint.mvc.EnvironmentMvcEndpoint.value(java.lang.String)
2018-03-27 20:45:38.061  INFO 41534 --- [main] o.s.b.a.e.mvc.EndpointHandlerMapping     : Mapped "{[/management/env || /management/env.json],methods=[GET],produces=[application/vnd.spring-boot.actuator.v1+json || application/json]}" onto public java.lang.Object org.springframework.boot.actuate.endpoint.mvc.EndpointMvcAdapter.invoke()
2018-03-27 20:45:38.062  INFO 41534 --- [main] o.s.b.a.e.mvc.EndpointHandlerMapping     : Mapped "{[/management/dump || /management/dump.json],methods=[GET],produces=[application/vnd.spring-boot.actuator.v1+json || application/json]}" onto public java.lang.Object org.springframework.boot.actuate.endpoint.mvc.EndpointMvcAdapter.invoke()
2018-03-27 20:45:38.062  INFO 41534 --- [main] o.s.b.a.e.mvc.EndpointHandlerMapping     : Mapped "{[/management/autoconfig || /management/autoconfig.json],methods=[GET],produces=[application/vnd.spring-boot.actuator.v1+json || application/json]}" onto public java.lang.Object org.springframework.boot.actuate.endpoint.mvc.EndpointMvcAdapter.invoke()
2018-03-27 20:45:38.063  INFO 41534 --- [main] o.s.b.a.e.mvc.EndpointHandlerMapping     : Mapped "{[/management/archaius || /management/archaius.json],methods=[GET],produces=[application/vnd.spring-boot.actuator.v1+json || application/json]}" onto public java.lang.Object org.springframework.boot.actuate.endpoint.mvc.EndpointMvcAdapter.invoke()
2018-03-27 20:45:38.063  INFO 41534 --- [main] o.s.b.a.e.mvc.EndpointHandlerMapping     : Mapped "{[/management/refresh || /management/refresh.json],methods=[POST]}" onto public java.lang.Object org.springframework.cloud.endpoint.GenericPostableMvcEndpoint.invoke()
2018-03-27 20:45:38.065  INFO 41534 --- [main] o.s.b.a.e.mvc.EndpointHandlerMapping     : Mapped "{[/management/mappings || /management/mappings.json],methods=[GET],produces=[application/vnd.spring-boot.actuator.v1+json || application/json]}" onto public java.lang.Object org.springframework.boot.actuate.endpoint.mvc.EndpointMvcAdapter.invoke()
2018-03-27 20:45:38.065  INFO 41534 --- [main] o.s.b.a.e.mvc.EndpointHandlerMapping     : Mapped "{[/management/configprops || /management/configprops.json],methods=[GET],produces=[application/vnd.spring-boot.actuator.v1+json || application/json]}" onto public java.lang.Object org.springframework.boot.actuate.endpoint.mvc.EndpointMvcAdapter.invoke()
2018-03-27 20:45:38.066  INFO 41534 --- [main] o.s.b.a.e.mvc.EndpointHandlerMapping     : Mapped "{[/management/heapdump || /management/heapdump.json],methods=[GET],produces=[application/octet-stream]}" onto public void org.springframework.boot.actuate.endpoint.mvc.HeapdumpMvcEndpoint.invoke(boolean,javax.servlet.http.HttpServletRequest,javax.servlet.http.HttpServletResponse) throws java.io.IOException,javax.servlet.ServletException
2018-03-27 20:45:38.066  INFO 41534 --- [main] o.s.b.a.e.mvc.EndpointHandlerMapping     : Mapped "{[/management/features || /management/features.json],methods=[GET],produces=[application/vnd.spring-boot.actuator.v1+json || application/json]}" onto public java.lang.Object org.springframework.boot.actuate.endpoint.mvc.EndpointMvcAdapter.invoke()
2018-03-27 20:45:38.066  INFO 41534 --- [main] o.s.b.a.e.mvc.EndpointHandlerMapping     : Mapped "{[/management/resume || /management/resume.json],methods=[POST]}" onto public java.lang.Object org.springframework.cloud.endpoint.GenericPostableMvcEndpoint.invoke()
2018-03-27 20:45:38.067  INFO 41534 --- [main] o.s.b.a.e.mvc.EndpointHandlerMapping     : Mapped "{[/management/logfile || /management/logfile.json],methods=[GET || HEAD]}" onto public void org.springframework.boot.actuate.endpoint.mvc.LogFileMvcEndpoint.invoke(javax.servlet.http.HttpServletRequest,javax.servlet.http.HttpServletResponse) throws javax.servlet.ServletException,java.io.IOException
2018-03-27 20:45:38.068  INFO 41534 --- [main] o.s.b.a.e.mvc.EndpointHandlerMapping     : Mapped "{[/management/restart || /management/restart.json],methods=[POST]}" onto public java.lang.Object org.springframework.cloud.context.restart.RestartMvcEndpoint.invoke()
2018-03-27 20:45:38.069  INFO 41534 --- [main] o.s.b.a.e.mvc.EndpointHandlerMapping     : Mapped "{[/management/metrics/{name:.*}],methods=[GET],produces=[application/vnd.spring-boot.actuator.v1+json || application/json]}" onto public java.lang.Object org.springframework.boot.actuate.endpoint.mvc.MetricsMvcEndpoint.value(java.lang.String)
2018-03-27 20:45:38.069  INFO 41534 --- [main] o.s.b.a.e.mvc.EndpointHandlerMapping     : Mapped "{[/management/metrics || /management/metrics.json],methods=[GET],produces=[application/vnd.spring-boot.actuator.v1+json || application/json]}" onto public java.lang.Object org.springframework.boot.actuate.endpoint.mvc.EndpointMvcAdapter.invoke()
2018-03-27 20:45:38.069  INFO 41534 --- [main] o.s.b.a.e.mvc.EndpointHandlerMapping     : Mapped "{[/management/service-registry/instance-status],methods=[GET]}" onto public org.springframework.http.ResponseEntity org.springframework.cloud.client.serviceregistry.endpoint.ServiceRegistryEndpoint.getStatus()
2018-03-27 20:45:38.070  INFO 41534 --- [main] o.s.b.a.e.mvc.EndpointHandlerMapping     : Mapped "{[/management/service-registry/instance-status],methods=[POST]}" onto public org.springframework.http.ResponseEntity<?> org.springframework.cloud.client.serviceregistry.endpoint.ServiceRegistryEndpoint.setStatus(java.lang.String)
2018-03-27 20:45:38.070  INFO 41534 --- [main] o.s.b.a.e.mvc.EndpointHandlerMapping     : Mapped "{[/management/auditevents || /management/auditevents.json],methods=[GET],produces=[application/vnd.spring-boot.actuator.v1+json || application/json]}" onto public org.springframework.http.ResponseEntity<?> org.springframework.boot.actuate.endpoint.mvc.AuditEventsMvcEndpoint.findByPrincipalAndAfterAndType(java.lang.String,java.util.Date,java.lang.String)
2018-03-27 20:45:38.071  INFO 41534 --- [main] o.s.b.a.e.mvc.EndpointHandlerMapping     : Mapped "{[/management/info || /management/info.json],methods=[GET],produces=[application/vnd.spring-boot.actuator.v1+json || application/json]}" onto public java.lang.Object org.springframework.boot.actuate.endpoint.mvc.EndpointMvcAdapter.invoke()
2018-03-27 20:45:38.071  INFO 41534 --- [main] o.s.b.a.e.mvc.EndpointHandlerMapping     : Mapped "{[/management/pause || /management/pause.json],methods=[POST]}" onto public java.lang.Object org.springframework.cloud.endpoint.GenericPostableMvcEndpoint.invoke()
2018-03-27 20:45:38.072  INFO 41534 --- [main] o.s.b.a.e.mvc.EndpointHandlerMapping     : Mapped "{[/management/loggers/{name:.*}],methods=[GET],produces=[application/vnd.spring-boot.actuator.v1+json || application/json]}" onto public java.lang.Object org.springframework.boot.actuate.endpoint.mvc.LoggersMvcEndpoint.get(java.lang.String)
2018-03-27 20:45:38.073  INFO 41534 --- [main] o.s.b.a.e.mvc.EndpointHandlerMapping     : Mapped "{[/management/loggers/{name:.*}],methods=[POST],consumes=[application/vnd.spring-boot.actuator.v1+json || application/json],produces=[application/vnd.spring-boot.actuator.v1+json || application/json]}" onto public java.lang.Object org.springframework.boot.actuate.endpoint.mvc.LoggersMvcEndpoint.set(java.lang.String,java.util.Map<java.lang.String, java.lang.String>)
2018-03-27 20:45:38.073  INFO 41534 --- [main] o.s.b.a.e.mvc.EndpointHandlerMapping     : Mapped "{[/management/loggers || /management/loggers.json],methods=[GET],produces=[application/vnd.spring-boot.actuator.v1+json || application/json]}" onto public java.lang.Object org.springframework.boot.actuate.endpoint.mvc.EndpointMvcAdapter.invoke()
2018-03-27 20:45:38.073  INFO 41534 --- [main] o.s.b.a.e.mvc.EndpointHandlerMapping     : Mapped "{[/management/trace || /management/trace.json],methods=[GET],produces=[application/vnd.spring-boot.actuator.v1+json || application/json]}" onto public java.lang.Object org.springframework.boot.actuate.endpoint.mvc.EndpointMvcAdapter.invoke()
2018-03-27 20:45:38.074  INFO 41534 --- [main] o.s.b.a.e.mvc.EndpointHandlerMapping     : Mapped "{[/management/health || /management/health.json],methods=[GET],produces=[application/vnd.spring-boot.actuator.v1+json || application/json]}" onto public java.lang.Object org.springframework.boot.actuate.endpoint.mvc.HealthMvcEndpoint.invoke(javax.servlet.http.HttpServletRequest,java.security.Principal)
2018-03-27 20:45:38.172  INFO 41534 --- [main] o.s.ui.freemarker.SpringTemplateLoader   : SpringTemplateLoader for FreeMarker: using resource loader [org.springframework.boot.context.embedded.AnnotationConfigEmbeddedWebApplicationContext@67c2e933: startup date [Tue Mar 27 20:45:34 BRT 2018]; parent: org.springframework.context.annotation.AnnotationConfigApplicationContext@436813f3] and template loader path [classpath:/templates/]
2018-03-27 20:45:38.185  INFO 41534 --- [main] o.s.w.s.v.f.FreeMarkerConfigurer         : ClassTemplateLoader for Spring macros added to FreeMarker configuration
2018-03-27 20:45:38.299  INFO 41534 --- [main] o.s.c.n.eureka.InstanceInfoFactory       : Setting initial instance status as: STARTING
2018-03-27 20:45:38.333  INFO 41534 --- [main] com.netflix.discovery.DiscoveryClient    : Initializing Eureka in region us-east-1
2018-03-27 20:45:38.333  INFO 41534 --- [main] com.netflix.discovery.DiscoveryClient    : Client configured to neither register nor query for data.
2018-03-27 20:45:38.338  INFO 41534 --- [main] com.netflix.discovery.DiscoveryClient    : Discovery Client initialized at timestamp 1522194338338 with initial instances count: 0
2018-03-27 20:45:38.397  INFO 41534 --- [main] c.n.eureka.DefaultEurekaServerContext    : Initializing ...
2018-03-27 20:45:38.398  WARN 41534 --- [main] c.n.eureka.cluster.PeerEurekaNodes       : The replica size seems to be empty. Check the route 53 DNS Registry
2018-03-27 20:45:38.407  INFO 41534 --- [main] c.n.e.registry.AbstractInstanceRegistry  : Finished initializing remote region registries. All known remote regions: []
2018-03-27 20:45:38.408  INFO 41534 --- [main] c.n.eureka.DefaultEurekaServerContext    : Initialized
2018-03-27 20:45:38.487  INFO 41534 --- [main] o.s.j.e.a.AnnotationMBeanExporter        : Registering beans for JMX exposure on startup
2018-03-27 20:45:38.495  INFO 41534 --- [main] o.s.j.e.a.AnnotationMBeanExporter        : Bean with name 'environmentManager' has been autodetected for JMX exposure
2018-03-27 20:45:38.497  INFO 41534 --- [main] o.s.j.e.a.AnnotationMBeanExporter        : Bean with name 'configurationPropertiesRebinder' has been autodetected for JMX exposure
2018-03-27 20:45:38.498  INFO 41534 --- [main] o.s.j.e.a.AnnotationMBeanExporter        : Bean with name 'refreshEndpoint' has been autodetected for JMX exposure
2018-03-27 20:45:38.498  INFO 41534 --- [main] o.s.j.e.a.AnnotationMBeanExporter        : Bean with name 'restartEndpoint' has been autodetected for JMX exposure
2018-03-27 20:45:38.499  INFO 41534 --- [main] o.s.j.e.a.AnnotationMBeanExporter        : Bean with name 'serviceRegistryEndpoint' has been autodetected for JMX exposure
2018-03-27 20:45:38.499  INFO 41534 --- [main] o.s.j.e.a.AnnotationMBeanExporter        : Bean with name 'refreshScope' has been autodetected for JMX exposure
2018-03-27 20:45:38.501  INFO 41534 --- [main] o.s.j.e.a.AnnotationMBeanExporter        : Located managed bean 'environmentManager': registering with JMX server as MBean [org.springframework.cloud.context.environment:name=environmentManager,type=EnvironmentManager]
2018-03-27 20:45:38.512  INFO 41534 --- [main] o.s.j.e.a.AnnotationMBeanExporter        : Located managed bean 'restartEndpoint': registering with JMX server as MBean [org.springframework.cloud.context.restart:name=restartEndpoint,type=RestartEndpoint]
2018-03-27 20:45:38.520  INFO 41534 --- [main] o.s.j.e.a.AnnotationMBeanExporter        : Located managed bean 'serviceRegistryEndpoint': registering with JMX server as MBean [org.springframework.cloud.client.serviceregistry.endpoint:name=serviceRegistryEndpoint,type=ServiceRegistryEndpoint]
2018-03-27 20:45:38.527  INFO 41534 --- [main] o.s.j.e.a.AnnotationMBeanExporter        : Located managed bean 'refreshScope': registering with JMX server as MBean [org.springframework.cloud.context.scope.refresh:name=refreshScope,type=RefreshScope]
2018-03-27 20:45:38.535  INFO 41534 --- [main] o.s.j.e.a.AnnotationMBeanExporter        : Located managed bean 'configurationPropertiesRebinder': registering with JMX server as MBean [org.springframework.cloud.context.properties:name=configurationPropertiesRebinder,context=67c2e933,type=ConfigurationPropertiesRebinder]
2018-03-27 20:45:38.538  INFO 41534 --- [main] o.s.j.e.a.AnnotationMBeanExporter        : Located managed bean 'refreshEndpoint': registering with JMX server as MBean [org.springframework.cloud.endpoint:name=refreshEndpoint,type=RefreshEndpoint]
2018-03-27 20:45:38.891  INFO 41534 --- [main] o.s.c.support.DefaultLifecycleProcessor  : Starting beans in phase 0
2018-03-27 20:45:38.891  INFO 41534 --- [main] o.s.c.n.e.s.EurekaServiceRegistry        : Registering application eureka-service with eureka with status UP
2018-03-27 20:45:38.924  INFO 41534 --- [Thread-28] o.s.c.n.e.server.EurekaServerBootstrap   : Setting the eureka configuration..
2018-03-27 20:45:38.930  INFO 41534 --- [Thread-28] o.s.c.n.e.server.EurekaServerBootstrap   : Eureka environment value eureka.environment is not set, defaulting to test
2018-03-27 20:45:38.937  INFO 41534 --- [Thread-28] o.s.c.n.e.server.EurekaServerBootstrap   : isAws returned false
2018-03-27 20:45:38.938  INFO 41534 --- [Thread-28] o.s.c.n.e.server.EurekaServerBootstrap   : Initialized server context
2018-03-27 20:45:38.938  INFO 41534 --- [Thread-28] c.n.e.r.PeerAwareInstanceRegistryImpl    : Got 1 instances from neighboring DS node
2018-03-27 20:45:38.938  INFO 41534 --- [Thread-28] c.n.e.r.PeerAwareInstanceRegistryImpl    : Renew threshold is: 1
2018-03-27 20:45:38.938  INFO 41534 --- [Thread-28] c.n.e.r.PeerAwareInstanceRegistryImpl    : Changing status to UP
2018-03-27 20:45:38.943  INFO 41534 --- [Thread-28] e.s.EurekaServerInitializerConfiguration : Started Eureka Server
2018-03-27 20:45:38.993  INFO 41534 --- [main] s.b.c.e.t.TomcatEmbeddedServletContainer : Tomcat started on port(s): 8302 (http)
2018-03-27 20:45:38.994  INFO 41534 --- [main] .s.c.n.e.s.EurekaAutoServiceRegistration : Updating port to 8302
2018-03-27 20:45:38.998  INFO 41534 --- [main] b.d.mitigation.eureka.EurekaApplication  : Started EurekaApplication in 8.658 seconds (JVM running for 9.485)
2018-03-27 20:45:39.311  INFO 41534 --- [RMI TCP Connection(7)-192.168.1.129] c.c.c.ConfigServicePropertySourceLocator : Fetching config from server at: http://localhost:8888
2018-03-27 20:45:39.890  INFO 41534 --- [RMI TCP Connection(7)-192.168.1.129] c.c.c.ConfigServicePropertySourceLocator : Located environment: name=eureka, profiles=[default], label=null, version=8ca2ff07c76a5d5be3b4be92cd43eaf90f632a86, state=null
2018-03-27 20:45:45.432  INFO 41534 --- [http-nio-8302-exec-1] o.a.c.c.C.[Tomcat].[localhost].[/]       : Initializing Spring FrameworkServlet 'dispatcherServlet'
2018-03-27 20:45:45.432  INFO 41534 --- [http-nio-8302-exec-1] o.s.web.servlet.DispatcherServlet        : FrameworkServlet 'dispatcherServlet': initialization started
2018-03-27 20:45:45.447  INFO 41534 --- [http-nio-8302-exec-1] o.s.web.servlet.DispatcherServlet        : FrameworkServlet 'dispatcherServlet': initialization completed in 15 ms
2018-03-27 20:46:38.940  INFO 41534 --- [Eureka-EvictionTimer] c.n.e.registry.AbstractInstanceRegistry  : Running the evict task with compensationTime 0ms
2018-03-27 20:47:38.940  INFO 41534 --- [Eureka-EvictionTimer] c.n.e.registry.AbstractInstanceRegistry  : Running the evict task with compensationTime 1ms
2018-03-27 20:48:38.943  INFO 41534 --- [Eureka-EvictionTimer] c.n.e.registry.AbstractInstanceRegistry  : Running the evict task with compensationTime 3ms
2018-03-27 20:49:38.945  INFO 41534 --- [Eureka-EvictionTimer] c.n.e.registry.AbstractInstanceRegistry  : Running the evict task with compensationTime 2ms
2018-03-27 20:50:38.948  INFO 41534 --- [Eureka-EvictionTimer] c.n.e.registry.AbstractInstanceRegistry  : Running the evict task with compensationTime 3ms
2018-03-27 20:51:38.951  INFO 41534 --- [Eureka-EvictionTimer] c.n.e.registry.AbstractInstanceRegistry  : Running the evict task with compensationTime 3ms
2018-03-27 20:52:38.955  INFO 41534 --- [Eureka-EvictionTimer] c.n.e.registry.AbstractInstanceRegistry  : Running the evict task with compensationTime 4ms
2018-03-27 20:53:38.959  INFO 41534 --- [Eureka-EvictionTimer] c.n.e.registry.AbstractInstanceRegistry  : Running the evict task with compensationTime 4ms
2018-03-27 20:54:38.964  INFO 41534 --- [Eureka-EvictionTimer] c.n.e.registry.AbstractInstanceRegistry  : Running the evict task with compensationTime 5ms
2018-03-27 20:55:21.873  INFO 41534 --- [Thread-30] ationConfigEmbeddedWebApplicationContext : Closing org.springframework.boot.context.embedded.AnnotationConfigEmbeddedWebApplicationContext@67c2e933: startup date [Tue Mar 27 20:45:34 BRT 2018]; parent: org.springframework.context.annotation.AnnotationConfigApplicationContext@436813f3
2018-03-27 20:55:21.874  INFO 41534 --- [Thread-30] o.s.c.n.e.s.EurekaServiceRegistry        : Unregistering application eureka-service with eureka with status DOWN
2018-03-27 20:55:21.874  INFO 41534 --- [Thread-30] com.netflix.discovery.DiscoveryClient    : Shutting down DiscoveryClient ...
2018-03-27 20:55:21.875  INFO 41534 --- [Thread-30] com.netflix.discovery.DiscoveryClient    : Completed shut down of DiscoveryClient
2018-03-27 20:55:21.876  INFO 41534 --- [Thread-30] o.s.c.support.DefaultLifecycleProcessor  : Stopping beans in phase 0
2018-03-27 20:55:21.877  INFO 41534 --- [Thread-30] c.n.eureka.DefaultEurekaServerContext    : Shutting down ...
2018-03-27 20:55:21.879  INFO 41534 --- [Thread-30] c.n.eureka.DefaultEurekaServerContext    : Shut down
2018-03-27 20:55:21.881  INFO 41534 --- [Thread-30] o.s.j.e.a.AnnotationMBeanExporter        : Unregistering JMX-exposed beans on shutdown
2018-03-27 20:55:21.881  INFO 41534 --- [Thread-30] o.s.j.e.a.AnnotationMBeanExporter        : Unregistering JMX-exposed beans
2018-03-27 20:55:27.199  INFO 41801 --- [main] b.d.mitigation.eureka.EurekaApplication  : No active profile set, falling back to default profiles: default
2018-03-27 20:55:27.210  INFO 41801 --- [main] ationConfigEmbeddedWebApplicationContext : Refreshing org.springframework.boot.context.embedded.AnnotationConfigEmbeddedWebApplicationContext@178213b: startup date [Tue Mar 27 20:55:27 BRT 2018]; parent: org.springframework.context.annotation.AnnotationConfigApplicationContext@436813f3
2018-03-27 20:55:27.955  INFO 41801 --- [main] o.s.cloud.context.scope.GenericScope     : BeanFactory id=9a1bde9a-d850-3c75-8e7e-5fded2023b0f
2018-03-27 20:55:27.973  INFO 41801 --- [main] f.a.AutowiredAnnotationBeanPostProcessor : JSR-330 'javax.inject.Inject' annotation found and supported for autowiring
2018-03-27 20:55:28.156  INFO 41801 --- [main] trationDelegate$BeanPostProcessorChecker : Bean 'org.springframework.cloud.netflix.metrics.MetricsInterceptorConfiguration$MetricsRestTemplateConfiguration' of type [org.springframework.cloud.netflix.metrics.MetricsInterceptorConfiguration$MetricsRestTemplateConfiguration$$EnhancerBySpringCGLIB$$5078b6b] is not eligible for getting processed by all BeanPostProcessors (for example: not eligible for auto-proxying)
2018-03-27 20:55:28.165  INFO 41801 --- [main] trationDelegate$BeanPostProcessorChecker : Bean 'org.springframework.cloud.autoconfigure.ConfigurationPropertiesRebinderAutoConfiguration' of type [org.springframework.cloud.autoconfigure.ConfigurationPropertiesRebinderAutoConfiguration$$EnhancerBySpringCGLIB$$eef4e827] is not eligible for getting processed by all BeanPostProcessors (for example: not eligible for auto-proxying)
2018-03-27 20:55:28.332  INFO 41801 --- [main] s.b.c.e.t.TomcatEmbeddedServletContainer : Tomcat initialized with port(s): 8302 (http)
2018-03-27 20:55:28.340  INFO 41801 --- [main] o.apache.catalina.core.StandardService   : Starting service Tomcat
2018-03-27 20:55:28.341  INFO 41801 --- [main] org.apache.catalina.core.StandardEngine  : Starting Servlet Engine: Apache Tomcat/8.5.11
2018-03-27 20:55:28.424  INFO 41801 --- [localhost-startStop-1] o.a.c.c.C.[Tomcat].[localhost].[/]       : Initializing Spring embedded WebApplicationContext
2018-03-27 20:55:28.425  INFO 41801 --- [localhost-startStop-1] o.s.web.context.ContextLoader            : Root WebApplicationContext: initialization completed in 1215 ms
2018-03-27 20:55:28.952  INFO 41801 --- [localhost-startStop-1] o.s.b.w.servlet.FilterRegistrationBean   : Mapping filter: 'metricsFilter' to: [/*]
2018-03-27 20:55:28.952  INFO 41801 --- [localhost-startStop-1] o.s.b.w.servlet.FilterRegistrationBean   : Mapping filter: 'characterEncodingFilter' to: [/*]
2018-03-27 20:55:28.952  INFO 41801 --- [localhost-startStop-1] o.s.b.w.servlet.FilterRegistrationBean   : Mapping filter: 'hiddenHttpMethodFilter' to: [/*]
2018-03-27 20:55:28.953  INFO 41801 --- [localhost-startStop-1] o.s.b.w.servlet.FilterRegistrationBean   : Mapping filter: 'httpPutFormContentFilter' to: [/*]
2018-03-27 20:55:28.953  INFO 41801 --- [localhost-startStop-1] o.s.b.w.servlet.FilterRegistrationBean   : Mapping filter: 'requestContextFilter' to: [/*]
2018-03-27 20:55:28.954  INFO 41801 --- [localhost-startStop-1] .s.DelegatingFilterProxyRegistrationBean : Mapping filter: 'springSecurityFilterChain' to: [/*]
2018-03-27 20:55:28.954  INFO 41801 --- [localhost-startStop-1] o.s.b.w.servlet.FilterRegistrationBean   : Mapping filter: 'webRequestTraceFilter' to: [/*]
2018-03-27 20:55:28.954  INFO 41801 --- [localhost-startStop-1] o.s.b.w.servlet.FilterRegistrationBean   : Mapping filter: 'servletContainer' to urls: [/eureka/*]
2018-03-27 20:55:28.954  INFO 41801 --- [localhost-startStop-1] o.s.b.w.servlet.FilterRegistrationBean   : Mapping filter: 'applicationContextIdFilter' to: [/*]
2018-03-27 20:55:28.954  INFO 41801 --- [localhost-startStop-1] o.s.b.w.servlet.ServletRegistrationBean  : Mapping servlet: 'dispatcherServlet' to [/]
2018-03-27 20:55:29.006  INFO 41801 --- [localhost-startStop-1] c.s.j.s.i.a.WebApplicationImpl           : Initiating Jersey application, version 'Jersey: 1.19.1 03/11/2016 02:08 PM'
2018-03-27 20:55:29.059  INFO 41801 --- [localhost-startStop-1] c.n.d.provider.DiscoveryJerseyProvider   : Using JSON encoding codec LegacyJacksonJson
2018-03-27 20:55:29.060  INFO 41801 --- [localhost-startStop-1] c.n.d.provider.DiscoveryJerseyProvider   : Using JSON decoding codec LegacyJacksonJson
2018-03-27 20:55:29.129  INFO 41801 --- [localhost-startStop-1] c.n.d.provider.DiscoveryJerseyProvider   : Using XML encoding codec XStreamXml
2018-03-27 20:55:29.130  INFO 41801 --- [localhost-startStop-1] c.n.d.provider.DiscoveryJerseyProvider   : Using XML decoding codec XStreamXml
2018-03-27 20:55:29.688  WARN 41801 --- [main] c.n.c.sources.URLConfigurationSource     : No URLs will be polled as dynamic configuration sources.
2018-03-27 20:55:29.688  INFO 41801 --- [main] c.n.c.sources.URLConfigurationSource     : To enable URLs as dynamic configuration sources, define System property archaius.configurationSource.additionalUrls or make config.properties available on classpath.
2018-03-27 20:55:29.691  WARN 41801 --- [main] c.n.c.sources.URLConfigurationSource     : No URLs will be polled as dynamic configuration sources.
2018-03-27 20:55:29.692  INFO 41801 --- [main] c.n.c.sources.URLConfigurationSource     : To enable URLs as dynamic configuration sources, define System property archaius.configurationSource.additionalUrls or make config.properties available on classpath.
2018-03-27 20:55:29.925  INFO 41801 --- [main] s.w.s.m.m.a.RequestMappingHandlerAdapter : Looking for @ControllerAdvice: org.springframework.boot.context.embedded.AnnotationConfigEmbeddedWebApplicationContext@178213b: startup date [Tue Mar 27 20:55:27 BRT 2018]; parent: org.springframework.context.annotation.AnnotationConfigApplicationContext@436813f3
2018-03-27 20:55:30.008  INFO 41801 --- [main] s.w.s.m.m.a.RequestMappingHandlerMapping : Mapped "{[/error]}" onto public org.springframework.http.ResponseEntity<java.util.Map<java.lang.String, java.lang.Object>> org.springframework.boot.autoconfigure.web.BasicErrorController.error(javax.servlet.http.HttpServletRequest)
2018-03-27 20:55:30.009  INFO 41801 --- [main] s.w.s.m.m.a.RequestMappingHandlerMapping : Mapped "{[/error],produces=[text/html]}" onto public org.springframework.web.servlet.ModelAndView org.springframework.boot.autoconfigure.web.BasicErrorController.errorHtml(javax.servlet.http.HttpServletRequest,javax.servlet.http.HttpServletResponse)
2018-03-27 20:55:30.015  INFO 41801 --- [main] s.w.s.m.m.a.RequestMappingHandlerMapping : Mapped "{[/],methods=[GET]}" onto public java.lang.String org.springframework.cloud.netflix.eureka.server.EurekaController.status(javax.servlet.http.HttpServletRequest,java.util.Map<java.lang.String, java.lang.Object>)
2018-03-27 20:55:30.015  INFO 41801 --- [main] s.w.s.m.m.a.RequestMappingHandlerMapping : Mapped "{[/lastn],methods=[GET]}" onto public java.lang.String org.springframework.cloud.netflix.eureka.server.EurekaController.lastn(javax.servlet.http.HttpServletRequest,java.util.Map<java.lang.String, java.lang.Object>)
2018-03-27 20:55:30.044  INFO 41801 --- [main] o.s.w.s.handler.SimpleUrlHandlerMapping  : Mapped URL path [/webjars/**] onto handler of type [class org.springframework.web.servlet.resource.ResourceHttpRequestHandler]
2018-03-27 20:55:30.044  INFO 41801 --- [main] o.s.w.s.handler.SimpleUrlHandlerMapping  : Mapped URL path [/**] onto handler of type [class org.springframework.web.servlet.resource.ResourceHttpRequestHandler]
2018-03-27 20:55:30.084  INFO 41801 --- [main] o.s.w.s.handler.SimpleUrlHandlerMapping  : Mapped URL path [/**/favicon.ico] onto handler of type [class org.springframework.web.servlet.resource.ResourceHttpRequestHandler]
2018-03-27 20:55:30.610  INFO 41801 --- [main] o.s.s.web.DefaultSecurityFilterChain     : Creating filter chain: OrRequestMatcher [requestMatchers=[Ant [pattern='/css/**'], Ant [pattern='/js/**'], Ant [pattern='/images/**'], Ant [pattern='/webjars/**'], Ant [pattern='/**/favicon.ico'], Ant [pattern='/error']]], []
2018-03-27 20:55:30.682  INFO 41801 --- [main] o.s.s.web.DefaultSecurityFilterChain     : Creating filter chain: Ant [pattern='/management/**'], [org.springframework.security.web.context.request.async.WebAsyncManagerIntegrationFilter@6b1b19cf, org.springframework.security.web.context.SecurityContextPersistenceFilter@4c51077d, org.springframework.security.web.header.HeaderWriterFilter@77d381e6, org.springframework.security.web.authentication.logout.LogoutFilter@20c812c8, org.springframework.security.web.authentication.www.BasicAuthenticationFilter@6adc5b9c, org.springframework.security.web.savedrequest.RequestCacheAwareFilter@2839e3c8, org.springframework.security.web.servletapi.SecurityContextHolderAwareRequestFilter@5a515e5d, org.springframework.security.web.authentication.AnonymousAuthenticationFilter@6393bf8b, org.springframework.security.web.session.SessionManagementFilter@707ca986, org.springframework.security.web.access.ExceptionTranslationFilter@3a36cd5, org.springframework.security.web.access.intercept.FilterSecurityInterceptor@3a479fda]
2018-03-27 20:55:30.685  INFO 41801 --- [main] o.s.s.web.DefaultSecurityFilterChain     : Creating filter chain: OrRequestMatcher [requestMatchers=[Ant [pattern='/**']]], [org.springframework.security.web.context.request.async.WebAsyncManagerIntegrationFilter@61615b4a, org.springframework.security.web.context.SecurityContextPersistenceFilter@4aa2877c, org.springframework.security.web.header.HeaderWriterFilter@6ddee60f, org.springframework.security.web.authentication.logout.LogoutFilter@500051c5, org.springframework.security.web.authentication.www.BasicAuthenticationFilter@ec7b5de, org.springframework.security.web.savedrequest.RequestCacheAwareFilter@307e4c44, org.springframework.security.web.servletapi.SecurityContextHolderAwareRequestFilter@2a8a3ada, org.springframework.security.web.authentication.AnonymousAuthenticationFilter@721d8ab5, org.springframework.security.web.session.SessionManagementFilter@6e829e50, org.springframework.security.web.access.ExceptionTranslationFilter@4b862408, org.springframework.security.web.access.intercept.FilterSecurityInterceptor@10244722]
2018-03-27 20:55:31.043  INFO 41801 --- [main] o.s.b.a.e.mvc.EndpointHandlerMapping     : Mapped "{[/management/features || /management/features.json],methods=[GET],produces=[application/vnd.spring-boot.actuator.v1+json || application/json]}" onto public java.lang.Object org.springframework.boot.actuate.endpoint.mvc.EndpointMvcAdapter.invoke()
2018-03-27 20:55:31.044  INFO 41801 --- [main] o.s.b.a.e.mvc.EndpointHandlerMapping     : Mapped "{[/management/info || /management/info.json],methods=[GET],produces=[application/vnd.spring-boot.actuator.v1+json || application/json]}" onto public java.lang.Object org.springframework.boot.actuate.endpoint.mvc.EndpointMvcAdapter.invoke()
2018-03-27 20:55:31.045  INFO 41801 --- [main] o.s.b.a.e.mvc.EndpointHandlerMapping     : Mapped "{[/management/pause || /management/pause.json],methods=[POST]}" onto public java.lang.Object org.springframework.cloud.endpoint.GenericPostableMvcEndpoint.invoke()
2018-03-27 20:55:31.045  INFO 41801 --- [main] o.s.b.a.e.mvc.EndpointHandlerMapping     : Mapped "{[/management/trace || /management/trace.json],methods=[GET],produces=[application/vnd.spring-boot.actuator.v1+json || application/json]}" onto public java.lang.Object org.springframework.boot.actuate.endpoint.mvc.EndpointMvcAdapter.invoke()
2018-03-27 20:55:31.046  INFO 41801 --- [main] o.s.b.a.e.mvc.EndpointHandlerMapping     : Mapped "{[/management/restart || /management/restart.json],methods=[POST]}" onto public java.lang.Object org.springframework.cloud.context.restart.RestartMvcEndpoint.invoke()
2018-03-27 20:55:31.047  INFO 41801 --- [main] o.s.b.a.e.mvc.EndpointHandlerMapping     : Mapped "{[/management/loggers/{name:.*}],methods=[GET],produces=[application/vnd.spring-boot.actuator.v1+json || application/json]}" onto public java.lang.Object org.springframework.boot.actuate.endpoint.mvc.LoggersMvcEndpoint.get(java.lang.String)
2018-03-27 20:55:31.048  INFO 41801 --- [main] o.s.b.a.e.mvc.EndpointHandlerMapping     : Mapped "{[/management/loggers/{name:.*}],methods=[POST],consumes=[application/vnd.spring-boot.actuator.v1+json || application/json],produces=[application/vnd.spring-boot.actuator.v1+json || application/json]}" onto public java.lang.Object org.springframework.boot.actuate.endpoint.mvc.LoggersMvcEndpoint.set(java.lang.String,java.util.Map<java.lang.String, java.lang.String>)
2018-03-27 20:55:31.048  INFO 41801 --- [main] o.s.b.a.e.mvc.EndpointHandlerMapping     : Mapped "{[/management/loggers || /management/loggers.json],methods=[GET],produces=[application/vnd.spring-boot.actuator.v1+json || application/json]}" onto public java.lang.Object org.springframework.boot.actuate.endpoint.mvc.EndpointMvcAdapter.invoke()
2018-03-27 20:55:31.048  INFO 41801 --- [main] o.s.b.a.e.mvc.EndpointHandlerMapping     : Mapped "{[/management/resume || /management/resume.json],methods=[POST]}" onto public java.lang.Object org.springframework.cloud.endpoint.GenericPostableMvcEndpoint.invoke()
2018-03-27 20:55:31.049  INFO 41801 --- [main] o.s.b.a.e.mvc.EndpointHandlerMapping     : Mapped "{[/management/heapdump || /management/heapdump.json],methods=[GET],produces=[application/octet-stream]}" onto public void org.springframework.boot.actuate.endpoint.mvc.HeapdumpMvcEndpoint.invoke(boolean,javax.servlet.http.HttpServletRequest,javax.servlet.http.HttpServletResponse) throws java.io.IOException,javax.servlet.ServletException
2018-03-27 20:55:31.050  INFO 41801 --- [main] o.s.b.a.e.mvc.EndpointHandlerMapping     : Mapped "{[/management/archaius || /management/archaius.json],methods=[GET],produces=[application/vnd.spring-boot.actuator.v1+json || application/json]}" onto public java.lang.Object org.springframework.boot.actuate.endpoint.mvc.EndpointMvcAdapter.invoke()
2018-03-27 20:55:31.051  INFO 41801 --- [main] o.s.b.a.e.mvc.EndpointHandlerMapping     : Mapped "{[/management/dump || /management/dump.json],methods=[GET],produces=[application/vnd.spring-boot.actuator.v1+json || application/json]}" onto public java.lang.Object org.springframework.boot.actuate.endpoint.mvc.EndpointMvcAdapter.invoke()
2018-03-27 20:55:31.053  INFO 41801 --- [main] o.s.b.a.e.mvc.EndpointHandlerMapping     : Mapped "{[/management/service-registry/instance-status],methods=[GET]}" onto public org.springframework.http.ResponseEntity org.springframework.cloud.client.serviceregistry.endpoint.ServiceRegistryEndpoint.getStatus()
2018-03-27 20:55:31.053  INFO 41801 --- [main] o.s.b.a.e.mvc.EndpointHandlerMapping     : Mapped "{[/management/service-registry/instance-status],methods=[POST]}" onto public org.springframework.http.ResponseEntity<?> org.springframework.cloud.client.serviceregistry.endpoint.ServiceRegistryEndpoint.setStatus(java.lang.String)
2018-03-27 20:55:31.053  INFO 41801 --- [main] o.s.b.a.e.mvc.EndpointHandlerMapping     : Mapped "{[/management/configprops || /management/configprops.json],methods=[GET],produces=[application/vnd.spring-boot.actuator.v1+json || application/json]}" onto public java.lang.Object org.springframework.boot.actuate.endpoint.mvc.EndpointMvcAdapter.invoke()
2018-03-27 20:55:31.054  INFO 41801 --- [main] o.s.b.a.e.mvc.EndpointHandlerMapping     : Mapped "{[/management/health || /management/health.json],methods=[GET],produces=[application/vnd.spring-boot.actuator.v1+json || application/json]}" onto public java.lang.Object org.springframework.boot.actuate.endpoint.mvc.HealthMvcEndpoint.invoke(javax.servlet.http.HttpServletRequest,java.security.Principal)
2018-03-27 20:55:31.054  INFO 41801 --- [main] o.s.b.a.e.mvc.EndpointHandlerMapping     : Mapped "{[/management/env],methods=[POST]}" onto public java.lang.Object org.springframework.cloud.context.environment.EnvironmentManagerMvcEndpoint.value(java.util.Map<java.lang.String, java.lang.String>)
2018-03-27 20:55:31.055  INFO 41801 --- [main] o.s.b.a.e.mvc.EndpointHandlerMapping     : Mapped "{[/management/env/reset],methods=[POST]}" onto public java.util.Map<java.lang.String, java.lang.Object> org.springframework.cloud.context.environment.EnvironmentManagerMvcEndpoint.reset()
2018-03-27 20:55:31.055  INFO 41801 --- [main] o.s.b.a.e.mvc.EndpointHandlerMapping     : Mapped "{[/management/metrics/{name:.*}],methods=[GET],produces=[application/vnd.spring-boot.actuator.v1+json || application/json]}" onto public java.lang.Object org.springframework.boot.actuate.endpoint.mvc.MetricsMvcEndpoint.value(java.lang.String)
2018-03-27 20:55:31.055  INFO 41801 --- [main] o.s.b.a.e.mvc.EndpointHandlerMapping     : Mapped "{[/management/metrics || /management/metrics.json],methods=[GET],produces=[application/vnd.spring-boot.actuator.v1+json || application/json]}" onto public java.lang.Object org.springframework.boot.actuate.endpoint.mvc.EndpointMvcAdapter.invoke()
2018-03-27 20:55:31.056  INFO 41801 --- [main] o.s.b.a.e.mvc.EndpointHandlerMapping     : Mapped "{[/management/refresh || /management/refresh.json],methods=[POST]}" onto public java.lang.Object org.springframework.cloud.endpoint.GenericPostableMvcEndpoint.invoke()
2018-03-27 20:55:31.056  INFO 41801 --- [main] o.s.b.a.e.mvc.EndpointHandlerMapping     : Mapped "{[/management/autoconfig || /management/autoconfig.json],methods=[GET],produces=[application/vnd.spring-boot.actuator.v1+json || application/json]}" onto public java.lang.Object org.springframework.boot.actuate.endpoint.mvc.EndpointMvcAdapter.invoke()
2018-03-27 20:55:31.057  INFO 41801 --- [main] o.s.b.a.e.mvc.EndpointHandlerMapping     : Mapped "{[/management/mappings || /management/mappings.json],methods=[GET],produces=[application/vnd.spring-boot.actuator.v1+json || application/json]}" onto public java.lang.Object org.springframework.boot.actuate.endpoint.mvc.EndpointMvcAdapter.invoke()
2018-03-27 20:55:31.057  INFO 41801 --- [main] o.s.b.a.e.mvc.EndpointHandlerMapping     : Mapped "{[/management/env/{name:.*}],methods=[GET],produces=[application/vnd.spring-boot.actuator.v1+json || application/json]}" onto public java.lang.Object org.springframework.boot.actuate.endpoint.mvc.EnvironmentMvcEndpoint.value(java.lang.String)
2018-03-27 20:55:31.057  INFO 41801 --- [main] o.s.b.a.e.mvc.EndpointHandlerMapping     : Mapped "{[/management/env || /management/env.json],methods=[GET],produces=[application/vnd.spring-boot.actuator.v1+json || application/json]}" onto public java.lang.Object org.springframework.boot.actuate.endpoint.mvc.EndpointMvcAdapter.invoke()
2018-03-27 20:55:31.058  INFO 41801 --- [main] o.s.b.a.e.mvc.EndpointHandlerMapping     : Mapped "{[/management/auditevents || /management/auditevents.json],methods=[GET],produces=[application/vnd.spring-boot.actuator.v1+json || application/json]}" onto public org.springframework.http.ResponseEntity<?> org.springframework.boot.actuate.endpoint.mvc.AuditEventsMvcEndpoint.findByPrincipalAndAfterAndType(java.lang.String,java.util.Date,java.lang.String)
2018-03-27 20:55:31.058  INFO 41801 --- [main] o.s.b.a.e.mvc.EndpointHandlerMapping     : Mapped "{[/management/logfile || /management/logfile.json],methods=[GET || HEAD]}" onto public void org.springframework.boot.actuate.endpoint.mvc.LogFileMvcEndpoint.invoke(javax.servlet.http.HttpServletRequest,javax.servlet.http.HttpServletResponse) throws javax.servlet.ServletException,java.io.IOException
2018-03-27 20:55:31.059  INFO 41801 --- [main] o.s.b.a.e.mvc.EndpointHandlerMapping     : Mapped "{[/management/beans || /management/beans.json],methods=[GET],produces=[application/vnd.spring-boot.actuator.v1+json || application/json]}" onto public java.lang.Object org.springframework.boot.actuate.endpoint.mvc.EndpointMvcAdapter.invoke()
2018-03-27 20:55:31.137  INFO 41801 --- [main] o.s.ui.freemarker.SpringTemplateLoader   : SpringTemplateLoader for FreeMarker: using resource loader [org.springframework.boot.context.embedded.AnnotationConfigEmbeddedWebApplicationContext@178213b: startup date [Tue Mar 27 20:55:27 BRT 2018]; parent: org.springframework.context.annotation.AnnotationConfigApplicationContext@436813f3] and template loader path [classpath:/templates/]
2018-03-27 20:55:31.138  INFO 41801 --- [main] o.s.w.s.v.f.FreeMarkerConfigurer         : ClassTemplateLoader for Spring macros added to FreeMarker configuration
2018-03-27 20:55:31.256  INFO 41801 --- [main] o.s.c.n.eureka.InstanceInfoFactory       : Setting initial instance status as: STARTING
2018-03-27 20:55:31.318  INFO 41801 --- [main] com.netflix.discovery.DiscoveryClient    : Initializing Eureka in region us-east-1
2018-03-27 20:55:31.319  INFO 41801 --- [main] com.netflix.discovery.DiscoveryClient    : Client configured to neither register nor query for data.
2018-03-27 20:55:31.325  INFO 41801 --- [main] com.netflix.discovery.DiscoveryClient    : Discovery Client initialized at timestamp 1522194931325 with initial instances count: 0
2018-03-27 20:55:31.393  INFO 41801 --- [main] c.n.eureka.DefaultEurekaServerContext    : Initializing ...
2018-03-27 20:55:31.395  WARN 41801 --- [main] c.n.eureka.cluster.PeerEurekaNodes       : The replica size seems to be empty. Check the route 53 DNS Registry
2018-03-27 20:55:31.412  INFO 41801 --- [main] c.n.e.registry.AbstractInstanceRegistry  : Finished initializing remote region registries. All known remote regions: []
2018-03-27 20:55:31.412  INFO 41801 --- [main] c.n.eureka.DefaultEurekaServerContext    : Initialized
2018-03-27 20:55:31.576  INFO 41801 --- [main] o.s.j.e.a.AnnotationMBeanExporter        : Registering beans for JMX exposure on startup
2018-03-27 20:55:31.589  INFO 41801 --- [main] o.s.j.e.a.AnnotationMBeanExporter        : Bean with name 'environmentManager' has been autodetected for JMX exposure
2018-03-27 20:55:31.593  INFO 41801 --- [main] o.s.j.e.a.AnnotationMBeanExporter        : Bean with name 'configurationPropertiesRebinder' has been autodetected for JMX exposure
2018-03-27 20:55:31.594  INFO 41801 --- [main] o.s.j.e.a.AnnotationMBeanExporter        : Bean with name 'refreshEndpoint' has been autodetected for JMX exposure
2018-03-27 20:55:31.595  INFO 41801 --- [main] o.s.j.e.a.AnnotationMBeanExporter        : Bean with name 'restartEndpoint' has been autodetected for JMX exposure
2018-03-27 20:55:31.596  INFO 41801 --- [main] o.s.j.e.a.AnnotationMBeanExporter        : Bean with name 'serviceRegistryEndpoint' has been autodetected for JMX exposure
2018-03-27 20:55:31.599  INFO 41801 --- [main] o.s.j.e.a.AnnotationMBeanExporter        : Bean with name 'refreshScope' has been autodetected for JMX exposure
2018-03-27 20:55:31.603  INFO 41801 --- [main] o.s.j.e.a.AnnotationMBeanExporter        : Located managed bean 'environmentManager': registering with JMX server as MBean [org.springframework.cloud.context.environment:name=environmentManager,type=EnvironmentManager]
2018-03-27 20:55:31.621  INFO 41801 --- [main] o.s.j.e.a.AnnotationMBeanExporter        : Located managed bean 'restartEndpoint': registering with JMX server as MBean [org.springframework.cloud.context.restart:name=restartEndpoint,type=RestartEndpoint]
2018-03-27 20:55:31.635  INFO 41801 --- [main] o.s.j.e.a.AnnotationMBeanExporter        : Located managed bean 'serviceRegistryEndpoint': registering with JMX server as MBean [org.springframework.cloud.client.serviceregistry.endpoint:name=serviceRegistryEndpoint,type=ServiceRegistryEndpoint]
2018-03-27 20:55:31.642  INFO 41801 --- [main] o.s.j.e.a.AnnotationMBeanExporter        : Located managed bean 'refreshScope': registering with JMX server as MBean [org.springframework.cloud.context.scope.refresh:name=refreshScope,type=RefreshScope]
2018-03-27 20:55:31.652  INFO 41801 --- [main] o.s.j.e.a.AnnotationMBeanExporter        : Located managed bean 'configurationPropertiesRebinder': registering with JMX server as MBean [org.springframework.cloud.context.properties:name=configurationPropertiesRebinder,context=178213b,type=ConfigurationPropertiesRebinder]
2018-03-27 20:55:31.655  INFO 41801 --- [main] o.s.j.e.a.AnnotationMBeanExporter        : Located managed bean 'refreshEndpoint': registering with JMX server as MBean [org.springframework.cloud.endpoint:name=refreshEndpoint,type=RefreshEndpoint]
2018-03-27 20:55:32.105  INFO 41801 --- [main] o.s.c.support.DefaultLifecycleProcessor  : Starting beans in phase 0
2018-03-27 20:55:32.105  INFO 41801 --- [main] o.s.c.n.e.s.EurekaServiceRegistry        : Registering application eureka-service with eureka with status UP
2018-03-27 20:55:32.142  INFO 41801 --- [Thread-25] o.s.c.n.e.server.EurekaServerBootstrap   : Setting the eureka configuration..
2018-03-27 20:55:32.146  INFO 41801 --- [Thread-25] o.s.c.n.e.server.EurekaServerBootstrap   : Eureka environment value eureka.environment is not set, defaulting to test
2018-03-27 20:55:32.153  INFO 41801 --- [Thread-25] o.s.c.n.e.server.EurekaServerBootstrap   : isAws returned false
2018-03-27 20:55:32.153  INFO 41801 --- [Thread-25] o.s.c.n.e.server.EurekaServerBootstrap   : Initialized server context
2018-03-27 20:55:32.154  INFO 41801 --- [Thread-25] c.n.e.r.PeerAwareInstanceRegistryImpl    : Got 1 instances from neighboring DS node
2018-03-27 20:55:32.154  INFO 41801 --- [Thread-25] c.n.e.r.PeerAwareInstanceRegistryImpl    : Renew threshold is: 1
2018-03-27 20:55:32.154  INFO 41801 --- [Thread-25] c.n.e.r.PeerAwareInstanceRegistryImpl    : Changing status to UP
2018-03-27 20:55:32.159  INFO 41801 --- [Thread-25] e.s.EurekaServerInitializerConfiguration : Started Eureka Server
2018-03-27 20:55:32.201  INFO 41801 --- [main] s.b.c.e.t.TomcatEmbeddedServletContainer : Tomcat started on port(s): 8302 (http)
2018-03-27 20:55:32.202  INFO 41801 --- [main] .s.c.n.e.s.EurekaAutoServiceRegistration : Updating port to 8302
2018-03-27 20:55:32.206  INFO 41801 --- [main] b.d.mitigation.eureka.EurekaApplication  : Started EurekaApplication in 6.943 seconds (JVM running for 7.736)
2018-03-27 20:55:32.727  INFO 41801 --- [RMI TCP Connection(4)-192.168.1.129] c.c.c.ConfigServicePropertySourceLocator : Fetching config from server at: http://localhost:8888
2018-03-27 20:55:33.275  INFO 41801 --- [RMI TCP Connection(4)-192.168.1.129] c.c.c.ConfigServicePropertySourceLocator : Located environment: name=eureka, profiles=[default], label=null, version=8ca2ff07c76a5d5be3b4be92cd43eaf90f632a86, state=null
2018-03-27 20:55:55.708  INFO 41801 --- [http-nio-8302-exec-1] o.a.c.c.C.[Tomcat].[localhost].[/]       : Initializing Spring FrameworkServlet 'dispatcherServlet'
2018-03-27 20:55:55.708  INFO 41801 --- [http-nio-8302-exec-1] o.s.web.servlet.DispatcherServlet        : FrameworkServlet 'dispatcherServlet': initialization started
2018-03-27 20:55:55.725  INFO 41801 --- [http-nio-8302-exec-1] o.s.web.servlet.DispatcherServlet        : FrameworkServlet 'dispatcherServlet': initialization completed in 17 ms
2018-03-27 20:55:55.875  INFO 41801 --- [http-nio-8302-exec-2] c.n.e.registry.AbstractInstanceRegistry  : Registered instance SOMESERVICE/someservice:-1122035917 with status UP (replication=false)
2018-03-27 20:56:32.157  INFO 41801 --- [Eureka-EvictionTimer] c.n.e.registry.AbstractInstanceRegistry  : Running the evict task with compensationTime 0ms
2018-03-27 20:57:32.161  INFO 41801 --- [Eureka-EvictionTimer] c.n.e.registry.AbstractInstanceRegistry  : Running the evict task with compensationTime 29ms
2018-03-27 20:58:32.162  INFO 41801 --- [Eureka-EvictionTimer] c.n.e.registry.AbstractInstanceRegistry  : Running the evict task with compensationTime 3ms
2018-03-27 20:59:32.163  INFO 41801 --- [Eureka-EvictionTimer] c.n.e.registry.AbstractInstanceRegistry  : Running the evict task with compensationTime 1ms
2018-03-27 21:00:14.603  INFO 41801 --- [http-nio-8302-exec-6] c.n.e.registry.AbstractInstanceRegistry  : Registered instance ZUUL-SERVICE/zuul-service:-1989013352 with status UP (replication=false)
2018-03-27 21:00:32.164  INFO 41801 --- [Eureka-EvictionTimer] c.n.e.registry.AbstractInstanceRegistry  : Running the evict task with compensationTime 2ms
2018-03-27 21:01:32.166  INFO 41801 --- [Eureka-EvictionTimer] c.n.e.registry.AbstractInstanceRegistry  : Running the evict task with compensationTime 4ms
2018-03-27 21:01:49.187  INFO 41801 --- [http-nio-8302-exec-1] c.n.e.registry.AbstractInstanceRegistry  : Registered instance SOMESERVICE/someservice:-1122035917 with status DOWN (replication=false)
2018-03-27 21:01:49.188  INFO 41801 --- [http-nio-8302-exec-10] c.n.e.registry.AbstractInstanceRegistry  : Cancelled instance SOMESERVICE/someservice:-1122035917 (replication=false)
2018-03-27 21:01:58.966  INFO 41801 --- [http-nio-8302-exec-6] c.n.e.registry.AbstractInstanceRegistry  : Registered instance SOMESERVICE/someservice:-714614157 with status UP (replication=false)
2018-03-27 21:02:32.169  INFO 41801 --- [Eureka-EvictionTimer] c.n.e.registry.AbstractInstanceRegistry  : Running the evict task with compensationTime 4ms
2018-03-27 21:03:32.171  INFO 41801 --- [Eureka-EvictionTimer] c.n.e.registry.AbstractInstanceRegistry  : Running the evict task with compensationTime 2ms
2018-03-27 21:04:32.174  INFO 41801 --- [Eureka-EvictionTimer] c.n.e.registry.AbstractInstanceRegistry  : Running the evict task with compensationTime 4ms
2018-03-27 21:05:31.361  WARN 41801 --- [Eureka-PeerNodesUpdater] c.n.eureka.cluster.PeerEurekaNodes       : The replica size seems to be empty. Check the route 53 DNS Registry
2018-03-27 21:05:32.176  INFO 41801 --- [Eureka-EvictionTimer] c.n.e.registry.AbstractInstanceRegistry  : Running the evict task with compensationTime 3ms
2018-03-27 21:06:32.178  INFO 41801 --- [Eureka-EvictionTimer] c.n.e.registry.AbstractInstanceRegistry  : Running the evict task with compensationTime 3ms
2018-03-27 21:06:52.672  INFO 41801 --- [http-nio-8302-exec-2] c.n.e.registry.AbstractInstanceRegistry  : Cancelled instance ZUUL-SERVICE/zuul-service:-1989013352 (replication=false)
2018-03-27 21:06:52.673  INFO 41801 --- [http-nio-8302-exec-4] c.n.e.registry.AbstractInstanceRegistry  : Registered instance ZUUL-SERVICE/zuul-service:-1989013352 with status DOWN (replication=false)
2018-03-27 21:07:02.313  INFO 41801 --- [http-nio-8302-exec-10] c.n.e.registry.AbstractInstanceRegistry  : Registered instance ZUUL-SERVICE/zuul-service:-1558129935 with status UP (replication=false)
2018-03-27 21:07:18.116  INFO 41801 --- [http-nio-8302-exec-4] c.n.e.registry.AbstractInstanceRegistry  : Cancelled instance ZUUL-SERVICE/zuul-service:-1558129935 (replication=false)
2018-03-27 21:07:18.117  INFO 41801 --- [http-nio-8302-exec-6] c.n.e.registry.AbstractInstanceRegistry  : Registered instance ZUUL-SERVICE/zuul-service:-1558129935 with status DOWN (replication=false)
2018-03-27 21:07:23.712  INFO 41801 --- [http-nio-8302-exec-9] c.n.e.registry.AbstractInstanceRegistry  : Cancelled instance SOMESERVICE/someservice:-714614157 (replication=false)
2018-03-27 21:07:23.713  INFO 41801 --- [http-nio-8302-exec-1] c.n.e.registry.AbstractInstanceRegistry  : Registered instance SOMESERVICE/someservice:-714614157 with status DOWN (replication=false)
2018-03-27 21:07:27.839  INFO 41801 --- [http-nio-8302-exec-4] c.n.e.registry.AbstractInstanceRegistry  : Registered instance ZUUL-SERVICE/zuul-service:406494035 with status UP (replication=false)
2018-03-27 21:07:31.983  INFO 41801 --- [http-nio-8302-exec-5] c.n.e.registry.AbstractInstanceRegistry  : Registered instance SOMESERVICE/someservice:-1530084551 with status UP (replication=false)
2018-03-27 21:07:32.181  INFO 41801 --- [Eureka-EvictionTimer] c.n.e.registry.AbstractInstanceRegistry  : Running the evict task with compensationTime 4ms
2018-03-27 21:08:32.182  INFO 41801 --- [Eureka-EvictionTimer] c.n.e.registry.AbstractInstanceRegistry  : Running the evict task with compensationTime 2ms
2018-03-27 21:09:23.979  INFO 41801 --- [http-nio-8302-exec-10] c.n.e.registry.AbstractInstanceRegistry  : Cancelled instance SOMESERVICE/someservice:-1530084551 (replication=false)
2018-03-27 21:09:23.979  INFO 41801 --- [http-nio-8302-exec-3] c.n.e.registry.AbstractInstanceRegistry  : Registered instance SOMESERVICE/someservice:-1530084551 with status DOWN (replication=false)
2018-03-27 21:09:28.678  INFO 41801 --- [http-nio-8302-exec-8] c.n.e.registry.AbstractInstanceRegistry  : Cancelled instance ZUUL-SERVICE/zuul-service:406494035 (replication=false)
2018-03-27 21:09:28.679  INFO 41801 --- [http-nio-8302-exec-9] c.n.e.registry.AbstractInstanceRegistry  : Registered instance ZUUL-SERVICE/zuul-service:406494035 with status DOWN (replication=false)
2018-03-27 21:09:32.184  INFO 41801 --- [Eureka-EvictionTimer] c.n.e.registry.AbstractInstanceRegistry  : Running the evict task with compensationTime 3ms
2018-03-27 21:09:33.022  INFO 41801 --- [http-nio-8302-exec-4] c.n.e.registry.AbstractInstanceRegistry  : Registered instance SOMESERVICE/someservice:-2089440017 with status UP (replication=false)
2018-03-27 21:09:37.922  INFO 41801 --- [http-nio-8302-exec-6] c.n.e.registry.AbstractInstanceRegistry  : Registered instance ZUUL-SERVICE/zuul-service:355034760 with status UP (replication=false)
2018-03-27 21:10:31.416  INFO 41801 --- [ReplicaAwareInstanceRegistry - RenewalThresholdUpdater] c.n.e.r.PeerAwareInstanceRegistryImpl    : Current renewal threshold is : 13
2018-03-27 21:10:32.186  INFO 41801 --- [Eureka-EvictionTimer] c.n.e.registry.AbstractInstanceRegistry  : Running the evict task with compensationTime 4ms
2018-03-27 21:10:43.900  INFO 41801 --- [http-nio-8302-exec-7] c.n.e.registry.AbstractInstanceRegistry  : Cancelled instance ZUUL-SERVICE/zuul-service:355034760 (replication=false)
2018-03-27 21:10:43.900  INFO 41801 --- [http-nio-8302-exec-8] c.n.e.registry.AbstractInstanceRegistry  : Registered instance ZUUL-SERVICE/zuul-service:355034760 with status DOWN (replication=false)
2018-03-27 21:11:32.189  INFO 41801 --- [Eureka-EvictionTimer] c.n.e.registry.AbstractInstanceRegistry  : Running the evict task with compensationTime 4ms
2018-03-27 21:12:09.323  INFO 41801 --- [http-nio-8302-exec-5] c.n.e.registry.AbstractInstanceRegistry  : Registered instance ZUUL-SERVICE/zuul-service:-517717815 with status UP (replication=false)
2018-03-27 21:12:32.190  INFO 41801 --- [Eureka-EvictionTimer] c.n.e.registry.AbstractInstanceRegistry  : Running the evict task with compensationTime 2ms
2018-03-27 21:13:11.698  INFO 41801 --- [http-nio-8302-exec-4] c.n.e.registry.AbstractInstanceRegistry  : Cancelled instance ZUUL-SERVICE/zuul-service:-517717815 (replication=false)
2018-03-27 21:13:11.698  INFO 41801 --- [http-nio-8302-exec-1] c.n.e.registry.AbstractInstanceRegistry  : Registered instance ZUUL-SERVICE/zuul-service:-517717815 with status DOWN (replication=false)
2018-03-27 21:13:16.231  INFO 41801 --- [http-nio-8302-exec-2] c.n.e.registry.AbstractInstanceRegistry  : Cancelled instance SOMESERVICE/someservice:-2089440017 (replication=false)
2018-03-27 21:13:16.232  INFO 41801 --- [http-nio-8302-exec-7] c.n.e.registry.AbstractInstanceRegistry  : Registered instance SOMESERVICE/someservice:-2089440017 with status DOWN (replication=false)
2018-03-27 21:13:21.271  INFO 41801 --- [http-nio-8302-exec-1] c.n.e.registry.AbstractInstanceRegistry  : Registered instance ZUUL-SERVICE/zuul-service:686172802 with status UP (replication=false)
2018-03-27 21:13:24.881  INFO 41801 --- [http-nio-8302-exec-6] c.n.e.registry.AbstractInstanceRegistry  : Registered instance SOMESERVICE/someservice:342460569 with status UP (replication=false)
2018-03-27 21:13:32.193  INFO 41801 --- [Eureka-EvictionTimer] c.n.e.registry.AbstractInstanceRegistry  : Running the evict task with compensationTime 4ms
2018-03-27 21:14:32.194  INFO 41801 --- [Eureka-EvictionTimer] c.n.e.registry.AbstractInstanceRegistry  : Running the evict task with compensationTime 2ms
2018-03-27 21:15:00.609  INFO 41801 --- [http-nio-8302-exec-8] c.n.e.registry.AbstractInstanceRegistry  : Cancelled instance SOMESERVICE/someservice:342460569 (replication=false)
2018-03-27 21:15:00.610  INFO 41801 --- [http-nio-8302-exec-7] c.n.e.registry.AbstractInstanceRegistry  : Registered instance SOMESERVICE/someservice:342460569 with status DOWN (replication=false)
2018-03-27 21:15:09.860  INFO 41801 --- [http-nio-8302-exec-6] c.n.e.registry.AbstractInstanceRegistry  : Registered instance SOMESERVICE/someservice:-243575817 with status UP (replication=false)
2018-03-27 21:15:27.622  INFO 41801 --- [http-nio-8302-exec-9] c.n.e.registry.AbstractInstanceRegistry  : Cancelled instance ZUUL-SERVICE/zuul-service:686172802 (replication=false)
2018-03-27 21:15:27.623  INFO 41801 --- [http-nio-8302-exec-10] c.n.e.registry.AbstractInstanceRegistry  : Registered instance ZUUL-SERVICE/zuul-service:686172802 with status DOWN (replication=false)
2018-03-27 21:15:31.351  WARN 41801 --- [Eureka-PeerNodesUpdater] c.n.eureka.cluster.PeerEurekaNodes       : The replica size seems to be empty. Check the route 53 DNS Registry
2018-03-27 21:15:32.195  INFO 41801 --- [Eureka-EvictionTimer] c.n.e.registry.AbstractInstanceRegistry  : Running the evict task with compensationTime 3ms
2018-03-27 21:15:36.411  INFO 41801 --- [http-nio-8302-exec-5] c.n.e.registry.AbstractInstanceRegistry  : Registered instance ZUUL-SERVICE/zuul-service:-1889742663 with status UP (replication=false)
2018-03-27 21:16:32.196  INFO 41801 --- [Eureka-EvictionTimer] c.n.e.registry.AbstractInstanceRegistry  : Running the evict task with compensationTime 1ms
2018-03-27 21:17:03.136  INFO 41801 --- [http-nio-8302-exec-3] c.n.e.registry.AbstractInstanceRegistry  : Cancelled instance SOMESERVICE/someservice:-243575817 (replication=false)
2018-03-27 21:17:03.137  INFO 41801 --- [http-nio-8302-exec-6] c.n.e.registry.AbstractInstanceRegistry  : Registered instance SOMESERVICE/someservice:-243575817 with status DOWN (replication=false)
2018-03-27 21:17:11.865  INFO 41801 --- [http-nio-8302-exec-1] c.n.e.registry.AbstractInstanceRegistry  : Registered instance SOMESERVICE/someservice:1007462039 with status UP (replication=false)
2018-03-27 21:17:32.196  INFO 41801 --- [Eureka-EvictionTimer] c.n.e.registry.AbstractInstanceRegistry  : Running the evict task with compensationTime 1ms
2018-03-27 21:18:04.650  INFO 41801 --- [http-nio-8302-exec-8] c.n.e.registry.AbstractInstanceRegistry  : Cancelled instance ZUUL-SERVICE/zuul-service:-1889742663 (replication=false)
2018-03-27 21:18:04.650  INFO 41801 --- [http-nio-8302-exec-5] c.n.e.registry.AbstractInstanceRegistry  : Registered instance ZUUL-SERVICE/zuul-service:-1889742663 with status DOWN (replication=false)
2018-03-27 21:18:13.704  INFO 41801 --- [http-nio-8302-exec-3] c.n.e.registry.AbstractInstanceRegistry  : Registered instance ZUUL-SERVICE/zuul-service:2116731831 with status UP (replication=false)
2018-03-27 21:18:32.199  INFO 41801 --- [Eureka-EvictionTimer] c.n.e.registry.AbstractInstanceRegistry  : Running the evict task with compensationTime 4ms
2018-03-27 21:19:15.453  INFO 41801 --- [http-nio-8302-exec-2] c.n.e.registry.AbstractInstanceRegistry  : Cancelled instance ZUUL-SERVICE/zuul-service:2116731831 (replication=false)
2018-03-27 21:19:15.454  INFO 41801 --- [http-nio-8302-exec-5] c.n.e.registry.AbstractInstanceRegistry  : Registered instance ZUUL-SERVICE/zuul-service:2116731831 with status DOWN (replication=false)
2018-03-27 21:19:24.457  INFO 41801 --- [http-nio-8302-exec-1] c.n.e.registry.AbstractInstanceRegistry  : Registered instance ZUUL-SERVICE/zuul-service:-666972578 with status UP (replication=false)
2018-03-27 21:19:32.201  INFO 41801 --- [Eureka-EvictionTimer] c.n.e.registry.AbstractInstanceRegistry  : Running the evict task with compensationTime 4ms
2018-03-27 21:19:58.076  INFO 41801 --- [http-nio-8302-exec-4] c.n.e.registry.AbstractInstanceRegistry  : Cancelled instance ZUUL-SERVICE/zuul-service:-666972578 (replication=false)
2018-03-27 21:19:58.076  INFO 41801 --- [http-nio-8302-exec-6] c.n.e.registry.AbstractInstanceRegistry  : Registered instance ZUUL-SERVICE/zuul-service:-666972578 with status DOWN (replication=false)
2018-03-27 21:20:07.828  INFO 41801 --- [http-nio-8302-exec-9] c.n.e.registry.AbstractInstanceRegistry  : Registered instance ZUUL-SERVICE/zuul-service:1354650316 with status UP (replication=false)
2018-03-27 21:20:16.331  INFO 41801 --- [http-nio-8302-exec-4] c.n.e.registry.AbstractInstanceRegistry  : Cancelled instance SOMESERVICE/someservice:1007462039 (replication=false)
2018-03-27 21:20:16.331  INFO 41801 --- [http-nio-8302-exec-6] c.n.e.registry.AbstractInstanceRegistry  : Registered instance SOMESERVICE/someservice:1007462039 with status DOWN (replication=false)
2018-03-27 21:20:24.470  INFO 41801 --- [http-nio-8302-exec-9] c.n.e.registry.AbstractInstanceRegistry  : Registered instance SOMESERVICE/someservice:1820145336 with status UP (replication=false)
2018-03-27 21:20:32.204  INFO 41801 --- [Eureka-EvictionTimer] c.n.e.registry.AbstractInstanceRegistry  : Running the evict task with compensationTime 4ms
2018-03-27 21:21:19.940  INFO 41801 --- [http-nio-8302-exec-5] c.n.e.registry.AbstractInstanceRegistry  : Cancelled instance ZUUL-SERVICE/zuul-service:1354650316 (replication=false)
2018-03-27 21:21:19.940  INFO 41801 --- [http-nio-8302-exec-8] c.n.e.registry.AbstractInstanceRegistry  : Registered instance ZUUL-SERVICE/zuul-service:1354650316 with status DOWN (replication=false)
2018-03-27 21:21:29.079  INFO 41801 --- [http-nio-8302-exec-2] c.n.e.registry.AbstractInstanceRegistry  : Registered instance ZUUL-SERVICE/zuul-service:1833576157 with status UP (replication=false)
2018-03-27 21:21:32.206  INFO 41801 --- [Eureka-EvictionTimer] c.n.e.registry.AbstractInstanceRegistry  : Running the evict task with compensationTime 3ms
2018-03-27 21:21:51.003  INFO 41801 --- [http-nio-8302-exec-7] c.n.e.registry.AbstractInstanceRegistry  : Cancelled instance ZUUL-SERVICE/zuul-service:1833576157 (replication=false)
2018-03-27 21:21:51.004  INFO 41801 --- [http-nio-8302-exec-10] c.n.e.registry.AbstractInstanceRegistry  : Registered instance ZUUL-SERVICE/zuul-service:1833576157 with status DOWN (replication=false)
2018-03-27 21:21:55.548  INFO 41801 --- [http-nio-8302-exec-5] c.n.e.registry.AbstractInstanceRegistry  : Cancelled instance SOMESERVICE/someservice:1820145336 (replication=false)
2018-03-27 21:21:55.549  INFO 41801 --- [http-nio-8302-exec-8] c.n.e.registry.AbstractInstanceRegistry  : Registered instance SOMESERVICE/someservice:1820145336 with status DOWN (replication=false)
2018-03-27 21:22:00.487  INFO 41801 --- [http-nio-8302-exec-1] c.n.e.registry.AbstractInstanceRegistry  : Registered instance ZUUL-SERVICE/zuul-service:-297302240 with status UP (replication=false)
2018-03-27 21:22:04.160  INFO 41801 --- [http-nio-8302-exec-4] c.n.e.registry.AbstractInstanceRegistry  : Registered instance SOMESERVICE/someservice:949095529 with status UP (replication=false)
2018-03-27 21:22:32.207  INFO 41801 --- [Eureka-EvictionTimer] c.n.e.registry.AbstractInstanceRegistry  : Running the evict task with compensationTime 1ms
2018-03-27 21:23:32.207  INFO 41801 --- [Eureka-EvictionTimer] c.n.e.registry.AbstractInstanceRegistry  : Running the evict task with compensationTime 1ms
2018-03-27 21:24:32.208  INFO 41801 --- [Eureka-EvictionTimer] c.n.e.registry.AbstractInstanceRegistry  : Running the evict task with compensationTime 2ms
2018-03-27 21:25:31.340  WARN 41801 --- [Eureka-PeerNodesUpdater] c.n.eureka.cluster.PeerEurekaNodes       : The replica size seems to be empty. Check the route 53 DNS Registry
2018-03-27 21:25:31.417  INFO 41801 --- [ReplicaAwareInstanceRegistry - RenewalThresholdUpdater] c.n.e.r.PeerAwareInstanceRegistryImpl    : Current renewal threshold is : 35
2018-03-27 21:25:32.210  INFO 41801 --- [Eureka-EvictionTimer] c.n.e.registry.AbstractInstanceRegistry  : Running the evict task with compensationTime 3ms
2018-03-27 21:26:32.212  INFO 41801 --- [Eureka-EvictionTimer] c.n.e.registry.AbstractInstanceRegistry  : Running the evict task with compensationTime 3ms
